[debug] [2020-02-22T14:14:21.491Z] ----------------------------------------------------------------------
[debug] [2020-02-22T14:14:21.493Z] Command:       C:\Program Files\nodejs\node.exe C:\Users\victo\AppData\Roaming\npm\node_modules\firebase-tools\lib\bin\firebase.js init
[debug] [2020-02-22T14:14:21.493Z] CLI Version:   7.13.1
[debug] [2020-02-22T14:14:21.493Z] Platform:      win32
[debug] [2020-02-22T14:14:21.493Z] Node Version:  v12.14.1
[debug] [2020-02-22T14:14:21.494Z] Time:          Sat Feb 22 2020 15:14:21 GMT+0100 (GMT+01:00)
[debug] [2020-02-22T14:14:21.494Z] ----------------------------------------------------------------------
[debug] [2020-02-22T14:14:21.494Z] 
[debug] [2020-02-22T14:14:21.527Z] > command requires scopes: ["email","openid","https://www.googleapis.com/auth/cloudplatformprojects.readonly","https://www.googleapis.com/auth/firebase","https://www.googleapis.com/auth/cloud-platform"]
[debug] [2020-02-22T14:14:21.528Z] > authorizing via signed-in user
[info] 
     ######## #### ########  ######## ########     ###     ######  ########
     ##        ##  ##     ## ##       ##     ##  ##   ##  ##       ##
     ######    ##  ########  ######   ########  #########  ######  ######
     ##        ##  ##    ##  ##       ##     ## ##     ##       ## ##
     ##       #### ##     ## ######## ########  ##     ##  ######  ########

You're about to initialize a Firebase project in this directory:

  C:\Users\victo\Documents\neoland_bootcamp\proyectos\Blog

[info] 
=== Project Setup
[info] 
[info] First, let's associate this project directory with a Firebase project.
[info] You can create multiple project aliases by running firebase use --add, 
[info] but for now we'll just set up a default project.
[info] 
[debug] [2020-02-22T14:14:34.592Z] > refreshing access token with scopes: ["email","https://www.googleapis.com/auth/cloud-platform","https://www.googleapis.com/auth/cloudplatformprojects.readonly","https://www.googleapis.com/auth/firebase","openid"]
[debug] [2020-02-22T14:14:34.593Z] >>> HTTP REQUEST POST https://www.googleapis.com/oauth2/v3/token  
 <request body omitted>
[debug] [2020-02-22T14:14:34.714Z] <<< HTTP RESPONSE 200
[debug] [2020-02-22T14:14:34.725Z] >>> HTTP REQUEST GET https://firebase.googleapis.com/v1beta1/projects?pageSize=100  
 
[debug] [2020-02-22T14:14:35.031Z] <<< HTTP RESPONSE 200
[debug] [2020-02-22T14:14:57.865Z] ----------------------------------------------------------------------
[debug] [2020-02-22T14:14:57.867Z] Command:       C:\Program Files\nodejs\node.exe C:\Users\victo\AppData\Roaming\npm\node_modules\firebase-tools\lib\bin\firebase.js init
[debug] [2020-02-22T14:14:57.867Z] CLI Version:   7.13.1
[debug] [2020-02-22T14:14:57.867Z] Platform:      win32
[debug] [2020-02-22T14:14:57.867Z] Node Version:  v12.14.1
[debug] [2020-02-22T14:14:57.868Z] Time:          Sat Feb 22 2020 15:14:57 GMT+0100 (GMT+01:00)
[debug] [2020-02-22T14:14:57.868Z] ----------------------------------------------------------------------
[debug] [2020-02-22T14:14:57.868Z] 
[debug] [2020-02-22T14:14:57.875Z] > command requires scopes: ["email","openid","https://www.googleapis.com/auth/cloudplatformprojects.readonly","https://www.googleapis.com/auth/firebase","https://www.googleapis.com/auth/cloud-platform"]
[debug] [2020-02-22T14:14:57.875Z] > authorizing via signed-in user
[info] 
     ######## #### ########  ######## ########     ###     ######  ########
     ##        ##  ##     ## ##       ##     ##  ##   ##  ##       ##
     ######    ##  ########  ######   ########  #########  ######  ######
     ##        ##  ##    ##  ##       ##     ## ##     ##       ## ##
     ##       #### ##     ## ######## ########  ##     ##  ######  ########

You're about to initialize a Firebase project in this directory:

  C:\Users\victo\Documents\neoland_bootcamp\proyectos\Blog

[info] 
=== Project Setup
[info] 
[info] First, let's associate this project directory with a Firebase project.
[info] You can create multiple project aliases by running firebase use --add, 
[info] but for now we'll just set up a default project.
[info] 
[info] i  If you want to create a project in a Google Cloud organization or folder, please use "firebase projects:create" instead, and return to this command when you've created the project.
[debug] [2020-02-22T14:15:41.016Z] >>> HTTP REQUEST POST https://cloudresourcemanager.googleapis.com/v1/projects  

[debug] [2020-02-22T14:15:41.878Z] <<< HTTP RESPONSE 400
[debug] [2020-02-22T14:15:41.878Z] <<< HTTP RESPONSE BODY
[debug] [2020-02-22T14:15:41.879Z] HTTP Error: 400, field [project_id] has issue [project_id contains invalid characters]
[debug] [2020-02-22T14:15:41.913Z] FirebaseError: HTTP Error: 400, field [project_id] has issue [project_id contains invalid characters]
    at module.exports (C:\Users\victo\AppData\Roaming\npm\node_modules\firebase-tools\lib\responseToError.js:38:12)
    at Request._callback (C:\Users\victo\AppData\Roaming\npm\node_modules\firebase-tools\lib\api.js:39:35)
    at Request.self.callback (C:\Users\victo\AppData\Roaming\npm\node_modules\firebase-tools\node_modules\request\request.js:185:22)
    at Request.emit (events.js:223:5)
    at Request.EventEmitter.emit (domain.js:475:20)
    at Request.<anonymous> (C:\Users\victo\AppData\Roaming\npm\node_modules\firebase-tools\node_modules\request\request.js:1154:10)
    at Request.emit (events.js:223:5)
    at Request.EventEmitter.emit (domain.js:475:20)
    at IncomingMessage.<anonymous> (C:\Users\victo\AppData\Roaming\npm\node_modules\firebase-tools\node_modules\request\request.js:1076:12)
    at Object.onceWrapper (events.js:312:28)
    at IncomingMessage.emit (events.js:228:7)
    at IncomingMessage.EventEmitter.emit (domain.js:475:20)
    at endReadableNT (_stream_readable.js:1185:12)
    at processTicksAndRejections (internal/process/task_queues.js:81:21)
[error] 
[error] Error: Failed to create Google Cloud project. See firebase-debug.log for more info.
